<?xml version="1.0" encoding="UTF-8"?>
<testsuites name="New Test Suite" time="117.494" tests="5" failures="0" errors="0">
   <testsuite name="New Test Suite" tests="5" failures="0" errors="0" time="117.494" timestamp="2020-05-29 16:29:47" hostname="Admin - host.docker.internal" id="Test Suites/New Test Suite">
      <properties>
         <property name="deviceName" value=""/>
         <property name="devicePlatform" value=""/>
         <property name="logFolder" value="E:\\katalon\\KatalonTest\\Reports\\20200529_162945\\New Test Suite\\20200529_162945"/>
         <property name="logFiles" value="E:\\katalon\\KatalonTest\\Reports\\20200529_162945\\New Test Suite\\20200529_162945\\execution0.log"/>
         <property name="attachments" value=""/>
         <property name="hostName" value="Admin - host.docker.internal"/>
         <property name="os" value="Windows 10 64bit"/>
         <property name="katalonVersion" value="7.0.1.1"/>
         <property name="browser" value="Chrome 83.0.4103.61"/>
         <property name="hostAddress" value="192.168.1.3"/>
         <property name="sessionId" value="eed23d7f72324840d5c89e0df32dff35"/>
         <property name="seleniumVersion" value="3.141.59"/>
         <property name="proxyInformation" value="ProxyInformation{proxyOption=NO_PROXY, proxyServerType=HTTP, password=, proxyServerAddress=, proxyServerPort=0}"/>
         <property name="platform" value="Windows 10"/>
      </properties>
      <testcase name="Test Cases/Test create channels" time="26.537" classname="Test Cases/Test create channels" status="PASSED">
         <system-out><![CDATA[2020-05-29 16:29:48 - [TEST_CASE][PASSED] - Test Cases/Test create channels: Test Cases/Test create channels

2020-05-29 16:29:48 - [TEST_STEP][PASSED] - openBrowser("https://hw02-mattermast-webapp-master.herokuapp.com/login"): Browser is opened with url: 'https://hw02-mattermast-webapp-master.herokuapp.com/login'

2020-05-29 16:29:48 - [MESSAGE][INFO] - Starting 'Chrome' driver

2020-05-29 16:29:48 - [MESSAGE][INFO] - Action delay is set to 0 seconds

2020-05-29 16:29:58 - [MESSAGE][PASSED] - Browser is opened with url: 'https://hw02-mattermast-webapp-master.herokuapp.com/login'

2020-05-29 16:29:58 - [TEST_STEP][PASSED] - setText(findTestObject("Object Repository/Page_Mattermost/input_All team communication in one place searchable and accessible anywhere_loginId"), "baophamthien241098@gmail.com"): Text 'baophamthien241098@gmail.com' is set on object 'Object Repository/Page_Mattermost/input_All team communication in one place searchable and accessible anywhere_loginId'

2020-05-29 16:30:04 - [MESSAGE][PASSED] - Text 'baophamthien241098@gmail.com' is set on object 'Object Repository/Page_Mattermost/input_All team communication in one place searchable and accessible anywhere_loginId'

2020-05-29 16:30:04 - [TEST_STEP][PASSED] - setText(findTestObject("Object Repository/Page_Mattermost/input_All team communication in one place searchable and accessible anywhere_password"), "asbcd11782"): Text 'asbcd11782' is set on object 'Object Repository/Page_Mattermost/input_All team communication in one place searchable and accessible anywhere_password'

2020-05-29 16:30:05 - [MESSAGE][PASSED] - Text 'asbcd11782' is set on object 'Object Repository/Page_Mattermost/input_All team communication in one place searchable and accessible anywhere_password'

2020-05-29 16:30:05 - [TEST_STEP][PASSED] - click(findTestObject("Object Repository/Page_Mattermost/span_Sign in")): Object: 'Object Repository/Page_Mattermost/span_Sign in' is clicked on

2020-05-29 16:30:05 - [MESSAGE][PASSED] - Object: 'Object Repository/Page_Mattermost/span_Sign in' is clicked on

2020-05-29 16:30:05 - [TEST_STEP][PASSED] - click(findTestObject("Object Repository/Home_page Mattermost/Page_Town Square - Test team Mattermost/Test-teamButton")): Object: 'Object Repository/Home_page Mattermost/Page_Town Square - Test team Mattermost/Test-teamButton' is clicked on

2020-05-29 16:30:09 - [MESSAGE][PASSED] - Object: 'Object Repository/Home_page Mattermost/Page_Town Square - Test team Mattermost/Test-teamButton' is clicked on

2020-05-29 16:30:09 - [TEST_STEP][PASSED] - click(findTestObject("Object Repository/Home_page Mattermost/Page_Town Square - Test team Mattermost/createPublicChannel")): Object: 'Object Repository/Home_page Mattermost/Page_Town Square - Test team Mattermost/createPublicChannel' is clicked on

2020-05-29 16:30:11 - [MESSAGE][PASSED] - Object: 'Object Repository/Home_page Mattermost/Page_Town Square - Test team Mattermost/createPublicChannel' is clicked on

2020-05-29 16:30:11 - [TEST_STEP][PASSED] - setText(findTestObject("Object Repository/Home_page Mattermost/Page_Town Square - Test team Mattermost/input_Name_newChannelName"), name): Text 'test1' is set on object 'Object Repository/Home_page Mattermost/Page_Town Square - Test team Mattermost/input_Name_newChannelName'

2020-05-29 16:30:12 - [MESSAGE][PASSED] - Text 'test1' is set on object 'Object Repository/Home_page Mattermost/Page_Town Square - Test team Mattermost/input_Name_newChannelName'

2020-05-29 16:30:12 - [TEST_STEP][PASSED] - setText(findTestObject("Object Repository/Home_page Mattermost/Page_Town Square - Test team Mattermost/textarea_(optional)_newChannelPurpose"), purpose): Text 'lập trình C#' is set on object 'Object Repository/Home_page Mattermost/Page_Town Square - Test team Mattermost/textarea_(optional)_newChannelPurpose'

2020-05-29 16:30:13 - [MESSAGE][PASSED] - Text 'lập trình C#' is set on object 'Object Repository/Home_page Mattermost/Page_Town Square - Test team Mattermost/textarea_(optional)_newChannelPurpose'

2020-05-29 16:30:13 - [TEST_STEP][PASSED] - setText(findTestObject("Object Repository/Home_page Mattermost/Page_Town Square - Test team Mattermost/textarea_(optional)_newChannelHeader"), header): Text 'header1' is set on object 'Object Repository/Home_page Mattermost/Page_Town Square - Test team Mattermost/textarea_(optional)_newChannelHeader'

2020-05-29 16:30:13 - [MESSAGE][PASSED] - Text 'header1' is set on object 'Object Repository/Home_page Mattermost/Page_Town Square - Test team Mattermost/textarea_(optional)_newChannelHeader'

2020-05-29 16:30:13 - [TEST_STEP][PASSED] - click(findTestObject("Object Repository/Home_page Mattermost/Page_Town Square - Test team Mattermost/submitNewChannel")): Object: 'Object Repository/Home_page Mattermost/Page_Town Square - Test team Mattermost/submitNewChannel' is clicked on

2020-05-29 16:30:14 - [MESSAGE][PASSED] - Object: 'Object Repository/Home_page Mattermost/Page_Town Square - Test team Mattermost/submitNewChannel' is clicked on]]></system-out>
         <system-err><![CDATA[]]></system-err>
      </testcase>
      <testcase name="Test Cases/Test create channels" time="21.891" classname="Test Cases/Test create channels" status="PASSED">
         <system-out><![CDATA[2020-05-29 16:30:14 - [TEST_CASE][PASSED] - Test Cases/Test create channels: Test Cases/Test create channels

2020-05-29 16:30:14 - [TEST_STEP][PASSED] - openBrowser("https://hw02-mattermast-webapp-master.herokuapp.com/login"): Browser is opened with url: 'https://hw02-mattermast-webapp-master.herokuapp.com/login'

2020-05-29 16:30:14 - [MESSAGE][WARNING] - A browser is already opened. Closing browser and opening a new one

2020-05-29 16:30:15 - [MESSAGE][INFO] - Starting 'Chrome' driver

2020-05-29 16:30:21 - [MESSAGE][PASSED] - Browser is opened with url: 'https://hw02-mattermast-webapp-master.herokuapp.com/login'

2020-05-29 16:30:21 - [TEST_STEP][PASSED] - setText(findTestObject("Object Repository/Page_Mattermost/input_All team communication in one place searchable and accessible anywhere_loginId"), "baophamthien241098@gmail.com"): Text 'baophamthien241098@gmail.com' is set on object 'Object Repository/Page_Mattermost/input_All team communication in one place searchable and accessible anywhere_loginId'

2020-05-29 16:30:26 - [MESSAGE][PASSED] - Text 'baophamthien241098@gmail.com' is set on object 'Object Repository/Page_Mattermost/input_All team communication in one place searchable and accessible anywhere_loginId'

2020-05-29 16:30:26 - [TEST_STEP][PASSED] - setText(findTestObject("Object Repository/Page_Mattermost/input_All team communication in one place searchable and accessible anywhere_password"), "asbcd11782"): Text 'asbcd11782' is set on object 'Object Repository/Page_Mattermost/input_All team communication in one place searchable and accessible anywhere_password'

2020-05-29 16:30:27 - [MESSAGE][PASSED] - Text 'asbcd11782' is set on object 'Object Repository/Page_Mattermost/input_All team communication in one place searchable and accessible anywhere_password'

2020-05-29 16:30:27 - [TEST_STEP][PASSED] - click(findTestObject("Object Repository/Page_Mattermost/span_Sign in")): Object: 'Object Repository/Page_Mattermost/span_Sign in' is clicked on

2020-05-29 16:30:27 - [MESSAGE][PASSED] - Object: 'Object Repository/Page_Mattermost/span_Sign in' is clicked on

2020-05-29 16:30:27 - [TEST_STEP][PASSED] - click(findTestObject("Object Repository/Home_page Mattermost/Page_Town Square - Test team Mattermost/Test-teamButton")): Object: 'Object Repository/Home_page Mattermost/Page_Town Square - Test team Mattermost/Test-teamButton' is clicked on

2020-05-29 16:30:31 - [MESSAGE][PASSED] - Object: 'Object Repository/Home_page Mattermost/Page_Town Square - Test team Mattermost/Test-teamButton' is clicked on

2020-05-29 16:30:31 - [TEST_STEP][PASSED] - click(findTestObject("Object Repository/Home_page Mattermost/Page_Town Square - Test team Mattermost/createPublicChannel")): Object: 'Object Repository/Home_page Mattermost/Page_Town Square - Test team Mattermost/createPublicChannel' is clicked on

2020-05-29 16:30:33 - [MESSAGE][PASSED] - Object: 'Object Repository/Home_page Mattermost/Page_Town Square - Test team Mattermost/createPublicChannel' is clicked on

2020-05-29 16:30:33 - [TEST_STEP][PASSED] - setText(findTestObject("Object Repository/Home_page Mattermost/Page_Town Square - Test team Mattermost/input_Name_newChannelName"), name): Text 'test2' is set on object 'Object Repository/Home_page Mattermost/Page_Town Square - Test team Mattermost/input_Name_newChannelName'

2020-05-29 16:30:34 - [MESSAGE][PASSED] - Text 'test2' is set on object 'Object Repository/Home_page Mattermost/Page_Town Square - Test team Mattermost/input_Name_newChannelName'

2020-05-29 16:30:34 - [TEST_STEP][PASSED] - setText(findTestObject("Object Repository/Home_page Mattermost/Page_Town Square - Test team Mattermost/textarea_(optional)_newChannelPurpose"), purpose): Text 'lập trình C' is set on object 'Object Repository/Home_page Mattermost/Page_Town Square - Test team Mattermost/textarea_(optional)_newChannelPurpose'

2020-05-29 16:30:35 - [MESSAGE][PASSED] - Text 'lập trình C' is set on object 'Object Repository/Home_page Mattermost/Page_Town Square - Test team Mattermost/textarea_(optional)_newChannelPurpose'

2020-05-29 16:30:35 - [TEST_STEP][PASSED] - setText(findTestObject("Object Repository/Home_page Mattermost/Page_Town Square - Test team Mattermost/textarea_(optional)_newChannelHeader"), header): Text 'header2' is set on object 'Object Repository/Home_page Mattermost/Page_Town Square - Test team Mattermost/textarea_(optional)_newChannelHeader'

2020-05-29 16:30:35 - [MESSAGE][PASSED] - Text 'header2' is set on object 'Object Repository/Home_page Mattermost/Page_Town Square - Test team Mattermost/textarea_(optional)_newChannelHeader'

2020-05-29 16:30:35 - [TEST_STEP][PASSED] - click(findTestObject("Object Repository/Home_page Mattermost/Page_Town Square - Test team Mattermost/submitNewChannel")): Object: 'Object Repository/Home_page Mattermost/Page_Town Square - Test team Mattermost/submitNewChannel' is clicked on

2020-05-29 16:30:36 - [MESSAGE][PASSED] - Object: 'Object Repository/Home_page Mattermost/Page_Town Square - Test team Mattermost/submitNewChannel' is clicked on]]></system-out>
         <system-err><![CDATA[]]></system-err>
      </testcase>
      <testcase name="Test Cases/Test create channels" time="22.348" classname="Test Cases/Test create channels" status="PASSED">
         <system-out><![CDATA[2020-05-29 16:30:36 - [TEST_CASE][PASSED] - Test Cases/Test create channels: Test Cases/Test create channels

2020-05-29 16:30:36 - [TEST_STEP][PASSED] - openBrowser("https://hw02-mattermast-webapp-master.herokuapp.com/login"): Browser is opened with url: 'https://hw02-mattermast-webapp-master.herokuapp.com/login'

2020-05-29 16:30:36 - [MESSAGE][WARNING] - A browser is already opened. Closing browser and opening a new one

2020-05-29 16:30:37 - [MESSAGE][INFO] - Starting 'Chrome' driver

2020-05-29 16:30:43 - [MESSAGE][PASSED] - Browser is opened with url: 'https://hw02-mattermast-webapp-master.herokuapp.com/login'

2020-05-29 16:30:43 - [TEST_STEP][PASSED] - setText(findTestObject("Object Repository/Page_Mattermost/input_All team communication in one place searchable and accessible anywhere_loginId"), "baophamthien241098@gmail.com"): Text 'baophamthien241098@gmail.com' is set on object 'Object Repository/Page_Mattermost/input_All team communication in one place searchable and accessible anywhere_loginId'

2020-05-29 16:30:48 - [MESSAGE][PASSED] - Text 'baophamthien241098@gmail.com' is set on object 'Object Repository/Page_Mattermost/input_All team communication in one place searchable and accessible anywhere_loginId'

2020-05-29 16:30:48 - [TEST_STEP][PASSED] - setText(findTestObject("Object Repository/Page_Mattermost/input_All team communication in one place searchable and accessible anywhere_password"), "asbcd11782"): Text 'asbcd11782' is set on object 'Object Repository/Page_Mattermost/input_All team communication in one place searchable and accessible anywhere_password'

2020-05-29 16:30:49 - [MESSAGE][PASSED] - Text 'asbcd11782' is set on object 'Object Repository/Page_Mattermost/input_All team communication in one place searchable and accessible anywhere_password'

2020-05-29 16:30:49 - [TEST_STEP][PASSED] - click(findTestObject("Object Repository/Page_Mattermost/span_Sign in")): Object: 'Object Repository/Page_Mattermost/span_Sign in' is clicked on

2020-05-29 16:30:50 - [MESSAGE][PASSED] - Object: 'Object Repository/Page_Mattermost/span_Sign in' is clicked on

2020-05-29 16:30:50 - [TEST_STEP][PASSED] - click(findTestObject("Object Repository/Home_page Mattermost/Page_Town Square - Test team Mattermost/Test-teamButton")): Object: 'Object Repository/Home_page Mattermost/Page_Town Square - Test team Mattermost/Test-teamButton' is clicked on

2020-05-29 16:30:53 - [MESSAGE][PASSED] - Object: 'Object Repository/Home_page Mattermost/Page_Town Square - Test team Mattermost/Test-teamButton' is clicked on

2020-05-29 16:30:53 - [TEST_STEP][PASSED] - click(findTestObject("Object Repository/Home_page Mattermost/Page_Town Square - Test team Mattermost/createPublicChannel")): Object: 'Object Repository/Home_page Mattermost/Page_Town Square - Test team Mattermost/createPublicChannel' is clicked on

2020-05-29 16:30:55 - [MESSAGE][PASSED] - Object: 'Object Repository/Home_page Mattermost/Page_Town Square - Test team Mattermost/createPublicChannel' is clicked on

2020-05-29 16:30:55 - [TEST_STEP][PASSED] - setText(findTestObject("Object Repository/Home_page Mattermost/Page_Town Square - Test team Mattermost/input_Name_newChannelName"), name): Text 'test3' is set on object 'Object Repository/Home_page Mattermost/Page_Town Square - Test team Mattermost/input_Name_newChannelName'

2020-05-29 16:30:56 - [MESSAGE][PASSED] - Text 'test3' is set on object 'Object Repository/Home_page Mattermost/Page_Town Square - Test team Mattermost/input_Name_newChannelName'

2020-05-29 16:30:56 - [TEST_STEP][PASSED] - setText(findTestObject("Object Repository/Home_page Mattermost/Page_Town Square - Test team Mattermost/textarea_(optional)_newChannelPurpose"), purpose): Text 'lập trình C++' is set on object 'Object Repository/Home_page Mattermost/Page_Town Square - Test team Mattermost/textarea_(optional)_newChannelPurpose'

2020-05-29 16:30:57 - [MESSAGE][PASSED] - Text 'lập trình C++' is set on object 'Object Repository/Home_page Mattermost/Page_Town Square - Test team Mattermost/textarea_(optional)_newChannelPurpose'

2020-05-29 16:30:57 - [TEST_STEP][PASSED] - setText(findTestObject("Object Repository/Home_page Mattermost/Page_Town Square - Test team Mattermost/textarea_(optional)_newChannelHeader"), header): Text 'header3' is set on object 'Object Repository/Home_page Mattermost/Page_Town Square - Test team Mattermost/textarea_(optional)_newChannelHeader'

2020-05-29 16:30:58 - [MESSAGE][PASSED] - Text 'header3' is set on object 'Object Repository/Home_page Mattermost/Page_Town Square - Test team Mattermost/textarea_(optional)_newChannelHeader'

2020-05-29 16:30:58 - [TEST_STEP][PASSED] - click(findTestObject("Object Repository/Home_page Mattermost/Page_Town Square - Test team Mattermost/submitNewChannel")): Object: 'Object Repository/Home_page Mattermost/Page_Town Square - Test team Mattermost/submitNewChannel' is clicked on

2020-05-29 16:30:58 - [MESSAGE][PASSED] - Object: 'Object Repository/Home_page Mattermost/Page_Town Square - Test team Mattermost/submitNewChannel' is clicked on]]></system-out>
         <system-err><![CDATA[]]></system-err>
      </testcase>
      <testcase name="Test Cases/Test create channels" time="23.364" classname="Test Cases/Test create channels" status="PASSED">
         <system-out><![CDATA[2020-05-29 16:30:58 - [TEST_CASE][PASSED] - Test Cases/Test create channels: Test Cases/Test create channels

2020-05-29 16:30:59 - [TEST_STEP][PASSED] - openBrowser("https://hw02-mattermast-webapp-master.herokuapp.com/login"): Browser is opened with url: 'https://hw02-mattermast-webapp-master.herokuapp.com/login'

2020-05-29 16:30:59 - [MESSAGE][WARNING] - A browser is already opened. Closing browser and opening a new one

2020-05-29 16:30:59 - [MESSAGE][INFO] - Starting 'Chrome' driver

2020-05-29 16:31:06 - [MESSAGE][PASSED] - Browser is opened with url: 'https://hw02-mattermast-webapp-master.herokuapp.com/login'

2020-05-29 16:31:06 - [TEST_STEP][PASSED] - setText(findTestObject("Object Repository/Page_Mattermost/input_All team communication in one place searchable and accessible anywhere_loginId"), "baophamthien241098@gmail.com"): Text 'baophamthien241098@gmail.com' is set on object 'Object Repository/Page_Mattermost/input_All team communication in one place searchable and accessible anywhere_loginId'

2020-05-29 16:31:11 - [MESSAGE][PASSED] - Text 'baophamthien241098@gmail.com' is set on object 'Object Repository/Page_Mattermost/input_All team communication in one place searchable and accessible anywhere_loginId'

2020-05-29 16:31:11 - [TEST_STEP][PASSED] - setText(findTestObject("Object Repository/Page_Mattermost/input_All team communication in one place searchable and accessible anywhere_password"), "asbcd11782"): Text 'asbcd11782' is set on object 'Object Repository/Page_Mattermost/input_All team communication in one place searchable and accessible anywhere_password'

2020-05-29 16:31:12 - [MESSAGE][PASSED] - Text 'asbcd11782' is set on object 'Object Repository/Page_Mattermost/input_All team communication in one place searchable and accessible anywhere_password'

2020-05-29 16:31:12 - [TEST_STEP][PASSED] - click(findTestObject("Object Repository/Page_Mattermost/span_Sign in")): Object: 'Object Repository/Page_Mattermost/span_Sign in' is clicked on

2020-05-29 16:31:13 - [MESSAGE][PASSED] - Object: 'Object Repository/Page_Mattermost/span_Sign in' is clicked on

2020-05-29 16:31:13 - [TEST_STEP][PASSED] - click(findTestObject("Object Repository/Home_page Mattermost/Page_Town Square - Test team Mattermost/Test-teamButton")): Object: 'Object Repository/Home_page Mattermost/Page_Town Square - Test team Mattermost/Test-teamButton' is clicked on

2020-05-29 16:31:17 - [MESSAGE][PASSED] - Object: 'Object Repository/Home_page Mattermost/Page_Town Square - Test team Mattermost/Test-teamButton' is clicked on

2020-05-29 16:31:17 - [TEST_STEP][PASSED] - click(findTestObject("Object Repository/Home_page Mattermost/Page_Town Square - Test team Mattermost/createPublicChannel")): Object: 'Object Repository/Home_page Mattermost/Page_Town Square - Test team Mattermost/createPublicChannel' is clicked on

2020-05-29 16:31:19 - [MESSAGE][PASSED] - Object: 'Object Repository/Home_page Mattermost/Page_Town Square - Test team Mattermost/createPublicChannel' is clicked on

2020-05-29 16:31:19 - [TEST_STEP][PASSED] - setText(findTestObject("Object Repository/Home_page Mattermost/Page_Town Square - Test team Mattermost/input_Name_newChannelName"), name): Text 'test4' is set on object 'Object Repository/Home_page Mattermost/Page_Town Square - Test team Mattermost/input_Name_newChannelName'

2020-05-29 16:31:20 - [MESSAGE][PASSED] - Text 'test4' is set on object 'Object Repository/Home_page Mattermost/Page_Town Square - Test team Mattermost/input_Name_newChannelName'

2020-05-29 16:31:20 - [TEST_STEP][PASSED] - setText(findTestObject("Object Repository/Home_page Mattermost/Page_Town Square - Test team Mattermost/textarea_(optional)_newChannelPurpose"), purpose): Text 'lập trình java' is set on object 'Object Repository/Home_page Mattermost/Page_Town Square - Test team Mattermost/textarea_(optional)_newChannelPurpose'

2020-05-29 16:31:21 - [MESSAGE][PASSED] - Text 'lập trình java' is set on object 'Object Repository/Home_page Mattermost/Page_Town Square - Test team Mattermost/textarea_(optional)_newChannelPurpose'

2020-05-29 16:31:21 - [TEST_STEP][PASSED] - setText(findTestObject("Object Repository/Home_page Mattermost/Page_Town Square - Test team Mattermost/textarea_(optional)_newChannelHeader"), header): Text 'header4' is set on object 'Object Repository/Home_page Mattermost/Page_Town Square - Test team Mattermost/textarea_(optional)_newChannelHeader'

2020-05-29 16:31:21 - [MESSAGE][PASSED] - Text 'header4' is set on object 'Object Repository/Home_page Mattermost/Page_Town Square - Test team Mattermost/textarea_(optional)_newChannelHeader'

2020-05-29 16:31:21 - [TEST_STEP][PASSED] - click(findTestObject("Object Repository/Home_page Mattermost/Page_Town Square - Test team Mattermost/submitNewChannel")): Object: 'Object Repository/Home_page Mattermost/Page_Town Square - Test team Mattermost/submitNewChannel' is clicked on

2020-05-29 16:31:22 - [MESSAGE][PASSED] - Object: 'Object Repository/Home_page Mattermost/Page_Town Square - Test team Mattermost/submitNewChannel' is clicked on]]></system-out>
         <system-err><![CDATA[]]></system-err>
      </testcase>
      <testcase name="Test Cases/Test create channels" time="22.195" classname="Test Cases/Test create channels" status="PASSED">
         <system-out><![CDATA[2020-05-29 16:31:22 - [TEST_CASE][PASSED] - Test Cases/Test create channels: Test Cases/Test create channels

2020-05-29 16:31:22 - [TEST_STEP][PASSED] - openBrowser("https://hw02-mattermast-webapp-master.herokuapp.com/login"): Browser is opened with url: 'https://hw02-mattermast-webapp-master.herokuapp.com/login'

2020-05-29 16:31:22 - [MESSAGE][WARNING] - A browser is already opened. Closing browser and opening a new one

2020-05-29 16:31:23 - [MESSAGE][INFO] - Starting 'Chrome' driver

2020-05-29 16:31:29 - [MESSAGE][PASSED] - Browser is opened with url: 'https://hw02-mattermast-webapp-master.herokuapp.com/login'

2020-05-29 16:31:29 - [TEST_STEP][PASSED] - setText(findTestObject("Object Repository/Page_Mattermost/input_All team communication in one place searchable and accessible anywhere_loginId"), "baophamthien241098@gmail.com"): Text 'baophamthien241098@gmail.com' is set on object 'Object Repository/Page_Mattermost/input_All team communication in one place searchable and accessible anywhere_loginId'

2020-05-29 16:31:34 - [MESSAGE][PASSED] - Text 'baophamthien241098@gmail.com' is set on object 'Object Repository/Page_Mattermost/input_All team communication in one place searchable and accessible anywhere_loginId'

2020-05-29 16:31:34 - [TEST_STEP][PASSED] - setText(findTestObject("Object Repository/Page_Mattermost/input_All team communication in one place searchable and accessible anywhere_password"), "asbcd11782"): Text 'asbcd11782' is set on object 'Object Repository/Page_Mattermost/input_All team communication in one place searchable and accessible anywhere_password'

2020-05-29 16:31:35 - [MESSAGE][PASSED] - Text 'asbcd11782' is set on object 'Object Repository/Page_Mattermost/input_All team communication in one place searchable and accessible anywhere_password'

2020-05-29 16:31:35 - [TEST_STEP][PASSED] - click(findTestObject("Object Repository/Page_Mattermost/span_Sign in")): Object: 'Object Repository/Page_Mattermost/span_Sign in' is clicked on

2020-05-29 16:31:35 - [MESSAGE][PASSED] - Object: 'Object Repository/Page_Mattermost/span_Sign in' is clicked on

2020-05-29 16:31:35 - [TEST_STEP][PASSED] - click(findTestObject("Object Repository/Home_page Mattermost/Page_Town Square - Test team Mattermost/Test-teamButton")): Object: 'Object Repository/Home_page Mattermost/Page_Town Square - Test team Mattermost/Test-teamButton' is clicked on

2020-05-29 16:31:39 - [MESSAGE][PASSED] - Object: 'Object Repository/Home_page Mattermost/Page_Town Square - Test team Mattermost/Test-teamButton' is clicked on

2020-05-29 16:31:39 - [TEST_STEP][PASSED] - click(findTestObject("Object Repository/Home_page Mattermost/Page_Town Square - Test team Mattermost/createPublicChannel")): Object: 'Object Repository/Home_page Mattermost/Page_Town Square - Test team Mattermost/createPublicChannel' is clicked on

2020-05-29 16:31:41 - [MESSAGE][PASSED] - Object: 'Object Repository/Home_page Mattermost/Page_Town Square - Test team Mattermost/createPublicChannel' is clicked on

2020-05-29 16:31:41 - [TEST_STEP][PASSED] - setText(findTestObject("Object Repository/Home_page Mattermost/Page_Town Square - Test team Mattermost/input_Name_newChannelName"), name): Text 'test5' is set on object 'Object Repository/Home_page Mattermost/Page_Town Square - Test team Mattermost/input_Name_newChannelName'

2020-05-29 16:31:42 - [MESSAGE][PASSED] - Text 'test5' is set on object 'Object Repository/Home_page Mattermost/Page_Town Square - Test team Mattermost/input_Name_newChannelName'

2020-05-29 16:31:42 - [TEST_STEP][PASSED] - setText(findTestObject("Object Repository/Home_page Mattermost/Page_Town Square - Test team Mattermost/textarea_(optional)_newChannelPurpose"), purpose): Text 'lập trình python' is set on object 'Object Repository/Home_page Mattermost/Page_Town Square - Test team Mattermost/textarea_(optional)_newChannelPurpose'

2020-05-29 16:31:43 - [MESSAGE][PASSED] - Text 'lập trình python' is set on object 'Object Repository/Home_page Mattermost/Page_Town Square - Test team Mattermost/textarea_(optional)_newChannelPurpose'

2020-05-29 16:31:43 - [TEST_STEP][PASSED] - setText(findTestObject("Object Repository/Home_page Mattermost/Page_Town Square - Test team Mattermost/textarea_(optional)_newChannelHeader"), header): Text 'header5' is set on object 'Object Repository/Home_page Mattermost/Page_Town Square - Test team Mattermost/textarea_(optional)_newChannelHeader'

2020-05-29 16:31:43 - [MESSAGE][PASSED] - Text 'header5' is set on object 'Object Repository/Home_page Mattermost/Page_Town Square - Test team Mattermost/textarea_(optional)_newChannelHeader'

2020-05-29 16:31:43 - [TEST_STEP][PASSED] - click(findTestObject("Object Repository/Home_page Mattermost/Page_Town Square - Test team Mattermost/submitNewChannel")): Object: 'Object Repository/Home_page Mattermost/Page_Town Square - Test team Mattermost/submitNewChannel' is clicked on

2020-05-29 16:31:44 - [MESSAGE][PASSED] - Object: 'Object Repository/Home_page Mattermost/Page_Town Square - Test team Mattermost/submitNewChannel' is clicked on]]></system-out>
         <system-err><![CDATA[]]></system-err>
      </testcase>
      <system-out><![CDATA[2020-05-29 16:29:47 - [TEST_SUITE][PASSED] - New Test Suite: Test Cases/Test create channels]]></system-out>
      <system-err><![CDATA[]]></system-err>
   </testsuite>
</testsuites>
